<?xml version="1.0" encoding="UTF-8"?>
<testng-results skipped="0" failed="1" total="1" passed="0">
  <reporter-output>
  </reporter-output>
  <suite name="Default suite" duration-ms="67879" started-at="2021-07-27T10:29:27Z" finished-at="2021-07-27T10:30:35Z">
    <groups>
    </groups>
    <test name="Default test" duration-ms="67879" started-at="2021-07-27T10:29:27Z" finished-at="2021-07-27T10:30:35Z">
      <class name="com.scripts.CartFunctionalityTest">
        <test-method status="PASS" signature="initializeEnvironment()[pri:0, instance:com.scripts.CartFunctionalityTest@35851384]" name="initializeEnvironment" is-config="true" duration-ms="23724" started-at="2021-07-27T15:59:27Z" finished-at="2021-07-27T15:59:51Z">
          <reporter-output>
          </reporter-output>
        </test-method> <!-- initializeEnvironment -->
        <test-method status="FAIL" signature="validateAddToCartFunctionality()[pri:0, instance:com.scripts.CartFunctionalityTest@35851384]" name="validateAddToCartFunctionality" duration-ms="44135" started-at="2021-07-27T15:59:51Z" finished-at="2021-07-27T16:00:35Z">
          <exception class="org.openqa.selenium.ElementNotInteractableException">
            <message>
              <![CDATA[element not interactable
  (Session info: chrome=91.0.4472.164)
Build info: version: '3.141.59', revision: 'e82be7d358', time: '2018-11-14T08:17:03'
System info: host: 'DESKTOP-SMUGKE0', ip: '192.168.43.226', os.name: 'Windows 10', os.arch: 'amd64', os.version: '10.0', java.version: '1.8.0_291'
Driver info: org.openqa.selenium.chrome.ChromeDriver
Capabilities {acceptInsecureCerts: false, browserName: chrome, browserVersion: 91.0.4472.164, chrome: {chromedriverVersion: 91.0.4472.19 (1bf021f248676..., userDataDir: C:\Users\ADMIN$\AppData\Loc...}, goog:chromeOptions: {debuggerAddress: localhost:51379}, javascriptEnabled: true, networkConnectionEnabled: false, pageLoadStrategy: normal, platform: WINDOWS, platformName: WINDOWS, proxy: Proxy(), setWindowRect: true, strictFileInteractability: false, timeouts: {implicit: 0, pageLoad: 300000, script: 30000}, unhandledPromptBehavior: dismiss and notify, webauthn:extension:largeBlob: true, webauthn:virtualAuthenticators: true}
Session ID: 25a7237da682649f5ae013916d317c1d]]>
            </message>
            <full-stacktrace>
              <![CDATA[org.openqa.selenium.ElementNotInteractableException: element not interactable
  (Session info: chrome=91.0.4472.164)
Build info: version: '3.141.59', revision: 'e82be7d358', time: '2018-11-14T08:17:03'
System info: host: 'DESKTOP-SMUGKE0', ip: '192.168.43.226', os.name: 'Windows 10', os.arch: 'amd64', os.version: '10.0', java.version: '1.8.0_291'
Driver info: org.openqa.selenium.chrome.ChromeDriver
Capabilities {acceptInsecureCerts: false, browserName: chrome, browserVersion: 91.0.4472.164, chrome: {chromedriverVersion: 91.0.4472.19 (1bf021f248676..., userDataDir: C:\Users\ADMIN$\AppData\Loc...}, goog:chromeOptions: {debuggerAddress: localhost:51379}, javascriptEnabled: true, networkConnectionEnabled: false, pageLoadStrategy: normal, platform: WINDOWS, platformName: WINDOWS, proxy: Proxy(), setWindowRect: true, strictFileInteractability: false, timeouts: {implicit: 0, pageLoad: 300000, script: 30000}, unhandledPromptBehavior: dismiss and notify, webauthn:extension:largeBlob: true, webauthn:virtualAuthenticators: true}
Session ID: 25a7237da682649f5ae013916d317c1d
	at sun.reflect.NativeConstructorAccessorImpl.newInstance0(Native Method)
	at sun.reflect.NativeConstructorAccessorImpl.newInstance(Unknown Source)
	at sun.reflect.DelegatingConstructorAccessorImpl.newInstance(Unknown Source)
	at java.lang.reflect.Constructor.newInstance(Unknown Source)
	at org.openqa.selenium.remote.http.W3CHttpResponseCodec.createException(W3CHttpResponseCodec.java:187)
	at org.openqa.selenium.remote.http.W3CHttpResponseCodec.decode(W3CHttpResponseCodec.java:122)
	at org.openqa.selenium.remote.http.W3CHttpResponseCodec.decode(W3CHttpResponseCodec.java:49)
	at org.openqa.selenium.remote.HttpCommandExecutor.execute(HttpCommandExecutor.java:158)
	at org.openqa.selenium.remote.service.DriverCommandExecutor.execute(DriverCommandExecutor.java:83)
	at org.openqa.selenium.remote.RemoteWebDriver.execute(RemoteWebDriver.java:552)
	at org.openqa.selenium.remote.RemoteWebElement.execute(RemoteWebElement.java:285)
	at org.openqa.selenium.remote.RemoteWebElement.click(RemoteWebElement.java:84)
	at com.pageFactory.AmazonBasicsPage.clickOnNextPage(AmazonBasicsPage.java:86)
	at com.pageFactory.AmazonBasicsPage.getListOfProducts(AmazonBasicsPage.java:78)
	at com.pageFactory.AmazonBasicsPage.clickOnNextPage(AmazonBasicsPage.java:89)
	at com.pageFactory.AmazonBasicsPage.getListOfProducts(AmazonBasicsPage.java:78)
	at com.pageFactory.AmazonBasicsPage.clickOnNextPage(AmazonBasicsPage.java:89)
	at com.pageFactory.AmazonBasicsPage.getListOfProducts(AmazonBasicsPage.java:78)
	at com.pageFactory.AmazonBasicsPage.clickOnNextPage(AmazonBasicsPage.java:89)
	at com.pageFactory.AmazonBasicsPage.getListOfProducts(AmazonBasicsPage.java:78)
	at com.pageFactory.AmazonBasicsPage.clickOnNextPage(AmazonBasicsPage.java:89)
	at com.pageFactory.AmazonBasicsPage.getListOfProducts(AmazonBasicsPage.java:78)
	at com.pageFactory.AmazonBasicsPage.clickOnNextPage(AmazonBasicsPage.java:89)
	at com.pageFactory.AmazonBasicsPage.getListOfProducts(AmazonBasicsPage.java:78)
	at com.pageFactory.AmazonBasicsPage.clickOnNextPage(AmazonBasicsPage.java:89)
	at com.pageFactory.AmazonBasicsPage.getListOfProducts(AmazonBasicsPage.java:78)
	at com.pageFactory.AmazonBasicsPage.clickOnNextPage(AmazonBasicsPage.java:89)
	at com.pageFactory.AmazonBasicsPage.getListOfProducts(AmazonBasicsPage.java:78)
	at com.pageFactory.AmazonBasicsPage.clickOnNextPage(AmazonBasicsPage.java:89)
	at com.pageFactory.AmazonBasicsPage.getListOfProducts(AmazonBasicsPage.java:78)
	at com.pageFactory.AmazonBasicsPage.clickOnNextPage(AmazonBasicsPage.java:89)
	at com.pageFactory.AmazonBasicsPage.getListOfProducts(AmazonBasicsPage.java:78)
	at com.pageFactory.AmazonBasicsPage.clickOnNextPage(AmazonBasicsPage.java:89)
	at com.pageFactory.AmazonBasicsPage.getListOfProducts(AmazonBasicsPage.java:78)
	at com.pageFactory.AmazonBasicsPage.clickOnNextPage(AmazonBasicsPage.java:89)
	at com.pageFactory.AmazonBasicsPage.getListOfProducts(AmazonBasicsPage.java:78)
	at com.pageFactory.AmazonBasicsPage.clickOnNextPage(AmazonBasicsPage.java:89)
	at com.pageFactory.AmazonBasicsPage.getListOfProducts(AmazonBasicsPage.java:78)
	at com.pageFactory.AmazonBasicsPage.clickOnNextPage(AmazonBasicsPage.java:89)
	at com.pageFactory.AmazonBasicsPage.getListOfProducts(AmazonBasicsPage.java:78)
	at com.pageFactory.AmazonBasicsPage.clickOnNextPage(AmazonBasicsPage.java:89)
	at com.pageFactory.AmazonBasicsPage.getListOfProducts(AmazonBasicsPage.java:78)
	at com.pageFactory.AmazonBasicsPage.clickOnNextPage(AmazonBasicsPage.java:89)
	at com.pageFactory.AmazonBasicsPage.getListOfProducts(AmazonBasicsPage.java:78)
	at com.pageFactory.AmazonBasicsPage.clickOnNextPage(AmazonBasicsPage.java:89)
	at com.pageFactory.AmazonBasicsPage.getListOfProducts(AmazonBasicsPage.java:78)
	at com.pageFactory.AmazonBasicsPage.clickOnNextPage(AmazonBasicsPage.java:89)
	at com.pageFactory.AmazonBasicsPage.getListOfProducts(AmazonBasicsPage.java:78)
	at com.pageFactory.AmazonBasicsPage.clickOnNextPage(AmazonBasicsPage.java:89)
	at com.pageFactory.AmazonBasicsPage.getListOfProducts(AmazonBasicsPage.java:78)
	at com.pageFactory.AmazonBasicsPage.clickOnNextPage(AmazonBasicsPage.java:89)
	at com.pageFactory.AmazonBasicsPage.getListOfProducts(AmazonBasicsPage.java:78)
	at com.pageFactory.AmazonBasicsPage.clickOnNextPage(AmazonBasicsPage.java:89)
	at com.pageFactory.AmazonBasicsPage.getListOfProducts(AmazonBasicsPage.java:78)
	at com.pageFactory.AmazonBasicsPage.clickOnNextPage(AmazonBasicsPage.java:89)
	at com.pageFactory.AmazonBasicsPage.getListOfProducts(AmazonBasicsPage.java:78)
	at com.scripts.CartFunctionalityTest.validateAddToCartFunctionality(CartFunctionalityTest.java:43)
	at sun.reflect.NativeMethodAccessorImpl.invoke0(Native Method)
	at sun.reflect.NativeMethodAccessorImpl.invoke(Unknown Source)
	at sun.reflect.DelegatingMethodAccessorImpl.invoke(Unknown Source)
	at java.lang.reflect.Method.invoke(Unknown Source)
	at org.testng.internal.MethodInvocationHelper.invokeMethod(MethodInvocationHelper.java:86)
	at org.testng.internal.Invoker.invokeMethod(Invoker.java:643)
	at org.testng.internal.Invoker.invokeTestMethod(Invoker.java:820)
	at org.testng.internal.Invoker.invokeTestMethods(Invoker.java:1128)
	at org.testng.internal.TestMethodWorker.invokeTestMethods(TestMethodWorker.java:129)
	at org.testng.internal.TestMethodWorker.run(TestMethodWorker.java:112)
	at org.testng.TestRunner.privateRun(TestRunner.java:782)
	at org.testng.TestRunner.run(TestRunner.java:632)
	at org.testng.SuiteRunner.runTest(SuiteRunner.java:366)
	at org.testng.SuiteRunner.runSequentially(SuiteRunner.java:361)
	at org.testng.SuiteRunner.privateRun(SuiteRunner.java:319)
	at org.testng.SuiteRunner.run(SuiteRunner.java:268)
	at org.testng.SuiteRunnerWorker.runSuite(SuiteRunnerWorker.java:52)
	at org.testng.SuiteRunnerWorker.run(SuiteRunnerWorker.java:86)
	at org.testng.TestNG.runSuitesSequentially(TestNG.java:1244)
	at org.testng.TestNG.runSuitesLocally(TestNG.java:1169)
	at org.testng.TestNG.run(TestNG.java:1064)
	at org.testng.remote.RemoteTestNG.run(RemoteTestNG.java:113)
	at org.testng.remote.RemoteTestNG.initAndRun(RemoteTestNG.java:206)
	at org.testng.remote.RemoteTestNG.main(RemoteTestNG.java:177)
]]>
            </full-stacktrace>
          </exception> <!-- org.openqa.selenium.ElementNotInteractableException -->
          <reporter-output>
          </reporter-output>
        </test-method> <!-- validateAddToCartFunctionality -->
      </class> <!-- com.scripts.CartFunctionalityTest -->
    </test> <!-- Default test -->
  </suite> <!-- Default suite -->
</testng-results>
